#
# There is insufficient memory for the Java Runtime Environment to continue.
# Native memory allocation (mmap) failed to map 262144000 bytes. Error detail: G1 virtual space
# Possible reasons:
#   The system is out of physical RAM or swap space
#   This process is running with CompressedOops enabled, and the Java Heap may be blocking the growth of the native heap
# Possible solutions:
#   Reduce memory load on the system
#   Increase physical memory or swap space
#   Check if swap backing store is full
#   Decrease Java heap size (-Xmx/-Xms)
#   Decrease number of Java threads
#   Decrease Java thread stack sizes (-Xss)
#   Set larger code cache with -XX:ReservedCodeCacheSize=
#   JVM is running with Zero Based Compressed Oops mode in which the Java heap is
#     placed in the first 32GB address space. The Java Heap base address is the
#     maximum limit for the native heap growth. Please use -XX:HeapBaseMinAddress
#     to set the Java Heap base and to place the Java Heap above 32GB virtual address.
# This output file may be truncated or incomplete.
#
#  Out of Memory Error (os_windows.cpp:3703), pid=25724, tid=34656
#
# JRE version:  (23.0+37) (build )
# Java VM: Java HotSpot(TM) 64-Bit Server VM (23+37-2369, mixed mode, sharing, tiered, compressed oops, compressed class ptrs, g1 gc, windows-amd64)
# No core dump will be written. Minidumps are not enabled by default on client versions of Windows
#

---------------  S U M M A R Y ------------

Command Line: -Dfile.encoding=UTF-8 -Dstdout.encoding=UTF-8 -Dstderr.encoding=UTF-8 -XX:+ShowCodeDetailsInExceptionMessages cucumber.api.cli.Main C:/Users/Louis Madu/eclipse-workspace/workspace-academy-java/CucumberAutomation/src/test/resources/com/bptn/CucumberAutomation/features/strongPassword.feature --glue classpath: --plugin pretty --monochrome

Host: Intel(R) Core(TM) i5-8350U CPU @ 1.70GHz, 8 cores, 15G,  Windows 10 , 64 bit Build 19041 (10.0.19041.5072)
Time: Fri Dec  6 11:14:32 2024 Eastern Standard Time elapsed time: 0.017900 seconds (0d 0h 0m 0s)

---------------  T H R E A D  ---------------

Current thread (0x0000023cb144d810):  JavaThread "Unknown thread" [_thread_in_vm, id=34656, stack(0x00000095abc00000,0x00000095abd00000) (1024K)]

Stack: [0x00000095abc00000,0x00000095abd00000]
Native frames: (J=compiled Java code, j=interpreted, Vv=VM code, C=native code)
V  [jvm.dll+0x6e08a9]  (no source info available)
V  [jvm.dll+0x87da63]  (no source info available)
V  [jvm.dll+0x87feee]  (no source info available)
V  [jvm.dll+0x8805c3]  (no source info available)
V  [jvm.dll+0x27aee6]  (no source info available)
V  [jvm.dll+0x6dd1b5]  (no source info available)
V  [jvm.dll+0x6d103a]  (no source info available)
V  [jvm.dll+0x35b3ea]  (no source info available)
V  [jvm.dll+0x3637f6]  (no source info available)
V  [jvm.dll+0x34fd5e]  (no source info available)
V  [jvm.dll+0x34fff8]  (no source info available)
V  [jvm.dll+0x3289cc]  (no source info available)
V  [jvm.dll+0x32966e]  (no source info available)
V  [jvm.dll+0x8442e5]  (no source info available)
V  [jvm.dll+0x3b9848]  (no source info available)
V  [jvm.dll+0x82d0dc]  (no source info available)
V  [jvm.dll+0x454d4e]  (no source info available)
V  [jvm.dll+0x456bd1]  (no source info available)
C  [jli.dll+0x52a3]  (no source info available)
C  [ucrtbase.dll+0x21bb2]  (no source info available)
C  [KERNEL32.DLL+0x17374]  (no source info available)
C  [ntdll.dll+0x4cc91]  (no source info available)

Lock stack of current Java thread (top to bottom):


---------------  P R O C E S S  ---------------

Threads class SMR info:
_java_thread_list=0x00007fff03b73618, length=0, elements={
}

Java Threads: ( => current thread )
Total: 0

Other Threads:
  0x0000023cb3759210 WorkerThread "GC Thread#0"                     [id=29860, stack(0x00000095abd00000,0x00000095abe00000) (1024K)]
  0x0000023cb376e3f0 ConcurrentGCThread "G1 Main Marker"            [id=18056, stack(0x00000095abe00000,0x00000095abf00000) (1024K)]
  0x0000023cb376ef00 WorkerThread "G1 Conc#0"                       [id=29196, stack(0x00000095abf00000,0x00000095ac000000) (1024K)]

[error occurred during error reporting (printing all threads), id 0xc0000005, EXCEPTION_ACCESS_VIOLATION (0xc0000005) at pc=0x00007fff032bbfba]
VM state: not at safepoint (not fully initialized)

VM Mutex/Monitor currently owned by a thread:  ([mutex/lock_event])
[0x00007fff03bf3a10] Heap_lock - owner thread: 0x0000023cb144d810

Heap address: 0x0000000706200000, size: 3998 MB, Compressed Oops mode: Zero based, Oop shift amount: 3

CDS archive(s) mapped at: [0x0000000000000000-0x0000000000000000-0x0000000000000000), size 0, SharedBaseAddress: 0x0000000800000000, ArchiveRelocationMode: 1.
Narrow klass base: 0x0000000000000000, Narrow klass shift: 0, Narrow klass range: 0x0

GC Precious Log:
 CardTable entry size: 512
 Card Set container configuration: InlinePtr #cards 4 size 8 Array Of Cards #cards 16 size 48 Howl #buckets 8 coarsen threshold 3686 Howl Bitmap #cards 512 size 80 coarsen threshold 460 Card regions per heap region 1 cards per card region 4096

Heap:
 garbage-first heap   total reserved 4093952K, committed 0K, used 0K [0x0000000706200000, 0x0000000800000000)
  region size 2048K, 0 young (0K), 0 survivors (0K)

[error occurred during error reporting (printing heap information), id 0xc0000005, EXCEPTION_ACCESS_VIOLATION (0xc0000005) at pc=0x00007fff036bc3b9]
GC Heap History (0 events):
No events

Dll operation events (1 events):
Event: 0.012 Loaded shared library C:\Program Files\Java\jdk-23\bin\java.dll

Deoptimization events (0 events):
No events

Classes loaded (0 events):
No events

Classes unloaded (0 events):
No events

Classes redefined (0 events):
No events

Internal exceptions (0 events):
No events

VM Operations (0 events):
No events

Memory protections (0 events):
No events

Nmethod flushes (0 events):
No events

Events (0 events):
No events


Dynamic libraries:
0x00007ff67c210000 - 0x00007ff67c220000 	C:\Program Files\Java\jdk-23\bin\javaw.exe
0x00007fffb4f10000 - 0x00007fffb5108000 	C:\windows\SYSTEM32\ntdll.dll
0x00007fffb4df0000 - 0x00007fffb4eb2000 	C:\windows\System32\KERNEL32.DLL
0x00007fffb2960000 - 0x00007fffb2c5e000 	C:\windows\System32\KERNELBASE.dll
0x00007fffb25b0000 - 0x00007fffb26b0000 	C:\windows\System32\ucrtbase.dll
0x00007fff8dac0000 - 0x00007fff8dad7000 	C:\Program Files\Java\jdk-23\bin\jli.dll
0x00007fff8da70000 - 0x00007fff8da8b000 	C:\Program Files\Java\jdk-23\bin\VCRUNTIME140.dll
0x00007fffb2f30000 - 0x00007fffb30cd000 	C:\windows\System32\USER32.dll
0x00007fff96720000 - 0x00007fff969ba000 	C:\windows\WinSxS\amd64_microsoft.windows.common-controls_6595b64144ccf1df_6.0.19041.4355_none_60b8b9eb71f62e16\COMCTL32.dll
0x00007fffb2780000 - 0x00007fffb27a2000 	C:\windows\System32\win32u.dll
0x00007fffb39c0000 - 0x00007fffb3a5e000 	C:\windows\System32\msvcrt.dll
0x00007fffb3f00000 - 0x00007fffb3f2b000 	C:\windows\System32\GDI32.dll
0x00007fffb2cd0000 - 0x00007fffb2de7000 	C:\windows\System32\gdi32full.dll
0x00007fffb26e0000 - 0x00007fffb277d000 	C:\windows\System32\msvcp_win.dll
0x00007fffb3bf0000 - 0x00007fffb3c1f000 	C:\windows\System32\IMM32.DLL
0x00007fff9fd50000 - 0x00007fff9fd5c000 	C:\Program Files\Java\jdk-23\bin\vcruntime140_1.dll
0x00007fff80cb0000 - 0x00007fff80d3e000 	C:\Program Files\Java\jdk-23\bin\msvcp140.dll
0x00007fff02f80000 - 0x00007fff03ccf000 	C:\Program Files\Java\jdk-23\bin\server\jvm.dll
0x00007fffb37f0000 - 0x00007fffb38a1000 	C:\windows\System32\ADVAPI32.dll
0x00007fffb3730000 - 0x00007fffb37cf000 	C:\windows\System32\sechost.dll
0x00007fffb3430000 - 0x00007fffb3553000 	C:\windows\System32\RPCRT4.dll
0x00007fffb26b0000 - 0x00007fffb26d7000 	C:\windows\System32\bcrypt.dll
0x00007fffb4d80000 - 0x00007fffb4deb000 	C:\windows\System32\WS2_32.dll
0x00007fffb1af0000 - 0x00007fffb1b3b000 	C:\windows\SYSTEM32\POWRPROF.dll
0x00007fff9dac0000 - 0x00007fff9dae7000 	C:\windows\SYSTEM32\WINMM.dll
0x00007fffa8a80000 - 0x00007fffa8a8a000 	C:\windows\SYSTEM32\VERSION.dll
0x00007fffb19b0000 - 0x00007fffb19c2000 	C:\windows\SYSTEM32\UMPDC.dll
0x00007fffb0dd0000 - 0x00007fffb0de2000 	C:\windows\SYSTEM32\kernel.appcore.dll
0x00007fff9dc90000 - 0x00007fff9dc9a000 	C:\Program Files\Java\jdk-23\bin\jimage.dll
0x00007fffb0340000 - 0x00007fffb0524000 	C:\windows\SYSTEM32\DBGHELP.DLL
0x00007fff8fe30000 - 0x00007fff8fe64000 	C:\windows\SYSTEM32\dbgcore.DLL
0x00007fffb2ea0000 - 0x00007fffb2f22000 	C:\windows\System32\bcryptPrimitives.dll
0x00007fff8d9d0000 - 0x00007fff8d9ee000 	C:\Program Files\Java\jdk-23\bin\java.dll
0x00007fffb4700000 - 0x00007fffb482b000 	C:\windows\System32\ole32.dll
0x00007fffb30d0000 - 0x00007fffb3423000 	C:\windows\System32\combase.dll
0x00007fffb3f90000 - 0x00007fffb46fd000 	C:\windows\System32\SHELL32.dll

dbghelp: loaded successfully - version: 4.0.5 - missing functions: none
symbol engine: initialized successfully - sym options: 0x614 - pdb path: .;C:\Program Files\Java\jdk-23\bin;C:\windows\SYSTEM32;C:\windows\WinSxS\amd64_microsoft.windows.common-controls_6595b64144ccf1df_6.0.19041.4355_none_60b8b9eb71f62e16;C:\Program Files\Java\jdk-23\bin\server

VM Arguments:
jvm_args: -Dfile.encoding=UTF-8 -Dstdout.encoding=UTF-8 -Dstderr.encoding=UTF-8 -XX:+ShowCodeDetailsInExceptionMessages 
java_command: cucumber.api.cli.Main C:/Users/Louis Madu/eclipse-workspace/workspace-academy-java/CucumberAutomation/src/test/resources/com/bptn/CucumberAutomation/features/strongPassword.feature --glue classpath: --plugin pretty --monochrome
java_class_path (initial): C:\Users\Louis Madu\eclipse-workspace\workspace-academy-java\CucumberAutomation\target\classes;C:\Users\Louis Madu\eclipse-workspace\workspace-academy-java\CucumberAutomation\target\test-classes;C:\Users\Louis Madu\.m2\repository\io\cucumber\cucumber-java\7.20.1\cucumber-java-7.20.1.jar;C:\Users\Louis Madu\.m2\repository\io\cucumber\cucumber-core\7.20.1\cucumber-core-7.20.1.jar;C:\Users\Louis Madu\.m2\repository\io\cucumber\cucumber-gherkin\7.20.1\cucumber-gherkin-7.20.1.jar;C:\Users\Louis Madu\.m2\repository\io\cucumber\cucumber-gherkin-messages\7.20.1\cucumber-gherkin-messages-7.20.1.jar;C:\Users\Louis Madu\.m2\repository\io\cucumber\gherkin\28.0.0\gherkin-28.0.0.jar;C:\Users\Louis Madu\.m2\repository\io\cucumber\messages\24.1.0\messages-24.1.0.jar;C:\Users\Louis Madu\.m2\repository\io\cucumber\testng-xml-formatter\0.2.0\testng-xml-formatter-0.2.0.jar;C:\Users\Louis Madu\.m2\repository\io\cucumber\query\12.2.0\query-12.2.0.jar;C:\Users\Louis Madu\.m2\repository\io\cucumber\tag-expressions\6.1.0\tag-expressions-6.1.0.jar;C:\Users\Louis Madu\.m2\repository\io\cucumber\cucumber-expressions\17.1.0\cucumber-expressions-17.1.0.jar;C:\Users\Louis Madu\.m2\repository\io\cucumber\datatable\7.20.1\datatable-7.20.1.jar;C:\Users\Louis Madu\.m2\repository\io\cucumber\cucumber-plugin\7.20.1\cucumber-plugin-7.20.1.jar;C:\Users\Louis Madu\.m2\repository\io\cucumber\docstring\7.20.1\docstring-7.20.1.jar;C:\Users\Louis Madu\.m2\repository\io\cucumber\html-formatter\21.7.0\html-formatter-21.7.0.jar;C:\Users\Louis Madu\.m2\repository\io\cucumber\junit-xml-formatter\0.5.0\junit-xml-formatter-0.5.0.jar;C:\Users\Louis Madu\.m2\repository\io\cucumber\ci-environment\10.0.1\ci-environment-10.0.1.jar;C:\Users\Louis Madu\.m2\repository\org\apiguardian\apiguardian-api\1.1.2\apiguardian-api-1.1.2.jar;C:\Users\Louis Madu\.m2\repository\io\cucumber\cucumber-junit-platform-engine\7.20.1\cucumber-junit-platform-engine-7.20.1.jar;C:\Users\Louis Madu\.m2\repository\org\junit\platform\junit-platform-engine\1.11.2\junit-platform-engine-1.11.2.jar;C:\Users\Louis Madu\.m2\repository\org\opentest4j\opentest4j\1.3.0\opentest4j-1.3.0.jar;C:\Users\Louis Madu\.m2\repository\org\junit\platform\junit-platform-commons\1.11.2\junit-platform-commons-1.11.2.jar;C:\Users\Louis Madu\.m2\repository\org\junit\platform\junit-platform-suite\1.11.2\junit-platform-suite-1.11.2.jar;C:\Users\Louis Madu\.m2\repository\org\junit\platform\junit-platform-suite-api\1.11.2\junit-platform-suite-api-1.11.2.jar;C:\Users\Louis Madu\.m2\repository\org\junit\platform\junit-platform-suite-engine\1.11.2\junit-platform-suite-engine-1.11.2.jar;C:\Users\Louis Madu\.m2\repository\org\junit\platform\junit-platform-suite-commons\1.11.2\junit-platform-suite-commons-1.11.2.jar;C:\Users\Louis Madu\.m2\repository\org\junit\platform\junit-platform-launcher\1.11.2\junit-platform-launcher-1.11.2.jar;C:\Users\Louis Madu\.m2\repository\org\junit\jupiter\junit-jupiter\5.11.2\junit-jupiter-5.11.2.jar;C:\Users\Louis Madu\.m2\repository\org\junit\jupiter\junit-jupiter-api\5.11.2\junit-jupiter-api-5.11.2.jar;C:\Users\Louis Madu\.m2\repository\org\junit\jupiter\junit-jupiter-params\5.11.2\junit-jupiter-params-5.11.2.jar;C:\Users\Louis Madu\.m2\repository\org\junit\jupiter\junit-jupiter-engine\5.11.2\junit-jupiter-engine-5.11.2.jar
Launcher Type: SUN_STANDARD

[Global flags]
     intx CICompilerCount                          = 4                                         {product} {ergonomic}
     uint ConcGCThreads                            = 2                                         {product} {ergonomic}
     uint G1ConcRefinementThreads                  = 8                                         {product} {ergonomic}
   size_t G1HeapRegionSize                         = 2097152                                   {product} {ergonomic}
   size_t InitialHeapSize                          = 262144000                                 {product} {ergonomic}
   size_t MarkStackSize                            = 4194304                                   {product} {ergonomic}
   size_t MarkStackSizeMax                         = 536870912                                 {product} {ergonomic}
   size_t MaxHeapSize                              = 4192206848                                {product} {ergonomic}
   size_t MinHeapDeltaBytes                        = 2097152                                   {product} {ergonomic}
   size_t MinHeapSize                              = 8388608                                   {product} {ergonomic}
    uintx NonNMethodCodeHeapSize                   = 5832704                                {pd product} {ergonomic}
    uintx NonProfiledCodeHeapSize                  = 122945536                              {pd product} {ergonomic}
    uintx ProfiledCodeHeapSize                     = 122880000                              {pd product} {ergonomic}
    uintx ReservedCodeCacheSize                    = 251658240                              {pd product} {ergonomic}
     bool SegmentedCodeCache                       = true                                      {product} {ergonomic}
     bool ShowCodeDetailsInExceptionMessages       = true                                   {manageable} {command line}
   size_t SoftMaxHeapSize                          = 4192206848                             {manageable} {ergonomic}
     bool UseCompressedOops                        = true                           {product lp64_product} {ergonomic}
     bool UseG1GC                                  = true                                      {product} {ergonomic}
     bool UseLargePagesIndividualAllocation        = false                                  {pd product} {ergonomic}

Logging:
Log output configuration:
 #0: stdout all=warning uptime,level,tags foldmultilines=false
 #1: stderr all=off uptime,level,tags foldmultilines=false

Environment Variables:
PATH=C:\Program Files\Common Files\Oracle\Java\javapath;C:\windows\system32;C:\windows;C:\windows\System32\Wbem;C:\windows\System32\WindowsPowerShell\v1.0\;C:\windows\System32\OpenSSH\;C:\Program Files\Intel\WiFi\bin\;C:\Program Files\Common Files\Intel\WirelessCommon\;C:\Program Files\Git\cmd;C:\ProgramFiles\Java\jdk-17.0.12\bin;C:\Program Files\nodejs\;C:\ProgramData\chocolatey\bin;C:\Users\Louis Madu\AppData\Local\Microsoft\WindowsApps;C:\Users\Louis Madu\AppData\Local\Programs\Microsoft VS Code\bin;C:\Users\Louis Madu\AppData\Roaming\npm
USERNAME=Louis Madu
OS=Windows_NT
PROCESSOR_IDENTIFIER=Intel64 Family 6 Model 142 Stepping 10, GenuineIntel
TMP=C:\Users\LOUISM~1\AppData\Local\Temp
TEMP=C:\Users\LOUISM~1\AppData\Local\Temp




Periodic native trim disabled

---------------  S Y S T E M  ---------------

OS:
 Windows 10 , 64 bit Build 19041 (10.0.19041.5072)
OS uptime: 15 days 17:21 hours

CPU: total 8 (initial active 8) (4 cores per cpu, 2 threads per core) family 6 model 142 stepping 10 microcode 0xea, cx8, cmov, fxsr, ht, mmx, 3dnowpref, sse, sse2, sse3, ssse3, sse4.1, sse4.2, popcnt, lzcnt, tsc, tscinvbit, avx, avx2, aes, erms, clmul, bmi1, bmi2, rtm, adx, fma, vzeroupper, clflush, clflushopt, rdtscp, f16c
Processor Information for the first 8 processors :
  Max Mhz: 1896, Current Mhz: 1696, Mhz Limit: 1687

Memory: 4k page, system-wide physical 15986M (1067M free)
TotalPageFile size 65138M (AvailPageFile size 220M)
current process WorkingSet (physical memory assigned to process): 11M, peak: 11M
current process commit charge ("private bytes"): 60M, peak: 310M

vm_info: Java HotSpot(TM) 64-Bit Server VM (23+37-2369) for windows-amd64 JRE (23+37-2369), built on 2024-08-20T16:01:23Z with MS VC++ 17.6 (VS2022)

END.
